<?xml version='1.0' encoding='UTF-8'?>
<testsuite hostname="tw-mbp-michellec" name="com.twitter.petstore.PetstoreFeatureTest" tests="3" errors="0" failures="1" time="0.751">
                     <properties>
[...]
</properties>
                     <testcase classname="com.twitter.petstore.PetstoreFeatureTest" name="PetstoreServer should Return valid pets" time="0.001">
                                                 
                                               </testcase><testcase classname="com.twitter.petstore.PetstoreFeatureTest" name="PetstoreServer should Fail to return invalid pets" time="0.302">
                                                 
                                               </testcase><testcase classname="com.twitter.petstore.PetstoreFeatureTest" name="PetstoreServer should Add valid pets" time="0.448">
                                                 <failure message="400 Bad Request did not equal 200 OK" type="org.scalatest.exceptions.TestFailedException">org.scalatest.exceptions.TestFailedException: 400 Bad Request did not equal 200 OK
	at org.scalatest.MatchersHelper$.newTestFailedException(MatchersHelper.scala:160)
	at org.scalatest.Matchers$ShouldMethodHelper$.shouldMatcher(Matchers.scala:6231)
	at org.scalatest.Matchers$AnyShouldWrapper.should(Matchers.scala:6277)
	at com.twitter.inject.server.EmbeddedTwitterServer.httpExecute(EmbeddedTwitterServer.scala:197)
	at com.twitter.finatra.http.test.EmbeddedHttpServer.jsonAwareHttpExecute(EmbeddedHttpServer.scala:412)
	at com.twitter.finatra.http.test.EmbeddedHttpServer.httpPost(EmbeddedHttpServer.scala:160)
	at com.twitter.petstore.PetstoreFeatureTest$$anonfun$1$$anonfun$apply$mcV$sp$3.apply$mcV$sp(PetstoreFeatureTest.scala:28)
	at com.twitter.petstore.PetstoreFeatureTest$$anonfun$1$$anonfun$apply$mcV$sp$3.apply(PetstoreFeatureTest.scala:28)
	at com.twitter.petstore.PetstoreFeatureTest$$anonfun$1$$anonfun$apply$mcV$sp$3.apply(PetstoreFeatureTest.scala:28)
	at org.scalatest.Transformer$$anonfun$apply$1.apply$mcV$sp(Transformer.scala:22)
	at org.scalatest.OutcomeOf$class.outcomeOf(OutcomeOf.scala:85)
	at org.scalatest.OutcomeOf$.outcomeOf(OutcomeOf.scala:104)
	at org.scalatest.Transformer.apply(Transformer.scala:22)
	at org.scalatest.Transformer.apply(Transformer.scala:20)
	at org.scalatest.WordSpecLike$$anon$1.apply(WordSpecLike.scala:953)
	at org.scalatest.Suite$class.withFixture(Suite.scala:1122)
	at org.scalatest.WordSpec.withFixture(WordSpec.scala:1881)
	at org.scalatest.WordSpecLike$class.invokeWithFixture$1(WordSpecLike.scala:950)
	at org.scalatest.WordSpecLike$$anonfun$runTest$1.apply(WordSpecLike.scala:962)
	at org.scalatest.WordSpecLike$$anonfun$runTest$1.apply(WordSpecLike.scala:962)
	at org.scalatest.SuperEngine.runTestImpl(Engine.scala:306)
	at org.scalatest.WordSpecLike$class.runTest(WordSpecLike.scala:962)
	at com.twitter.inject.Test.org$scalatest$BeforeAndAfterEach$$super$runTest(Test.scala:12)
	at org.scalatest.BeforeAndAfterEach$class.runTest(BeforeAndAfterEach.scala:255)
	at com.twitter.inject.Test.runTest(Test.scala:12)
	at org.scalatest.WordSpecLike$$anonfun$runTests$1.apply(WordSpecLike.scala:1021)
	at org.scalatest.WordSpecLike$$anonfun$runTests$1.apply(WordSpecLike.scala:1021)
	at org.scalatest.SuperEngine$$anonfun$traverseSubNodes$1$1.apply(Engine.scala:413)
	at org.scalatest.SuperEngine$$anonfun$traverseSubNodes$1$1.apply(Engine.scala:401)
	at scala.collection.immutable.List.foreach(List.scala:381)
	at org.scalatest.SuperEngine.traverseSubNodes$1(Engine.scala:401)
	at org.scalatest.SuperEngine.org$scalatest$SuperEngine$$runTestsInBranch(Engine.scala:390)
	at org.scalatest.SuperEngine$$anonfun$traverseSubNodes$1$1.apply(Engine.scala:427)
	at org.scalatest.SuperEngine$$anonfun$traverseSubNodes$1$1.apply(Engine.scala:401)
	at scala.collection.immutable.List.foreach(List.scala:381)
	at org.scalatest.SuperEngine.traverseSubNodes$1(Engine.scala:401)
	at org.scalatest.SuperEngine.org$scalatest$SuperEngine$$runTestsInBranch(Engine.scala:396)
	at org.scalatest.SuperEngine.runTestsImpl(Engine.scala:483)
	at org.scalatest.WordSpecLike$class.runTests(WordSpecLike.scala:1021)
	at org.scalatest.WordSpec.runTests(WordSpec.scala:1881)
	at org.scalatest.Suite$class.run(Suite.scala:1424)
	at org.scalatest.WordSpec.org$scalatest$WordSpecLike$$super$run(WordSpec.scala:1881)
	at org.scalatest.WordSpecLike$$anonfun$run$1.apply(WordSpecLike.scala:1067)
	at org.scalatest.WordSpecLike$$anonfun$run$1.apply(WordSpecLike.scala:1067)
	at org.scalatest.SuperEngine.runImpl(Engine.scala:545)
	at org.scalatest.WordSpecLike$class.run(WordSpecLike.scala:1067)
	at com.twitter.inject.Test.org$scalatest$BeforeAndAfterAll$$super$run(Test.scala:12)
	at org.scalatest.BeforeAndAfterAll$class.liftedTree1$1(BeforeAndAfterAll.scala:257)
	at org.scalatest.BeforeAndAfterAll$class.run(BeforeAndAfterAll.scala:256)
	at com.twitter.inject.Test.run(Test.scala:12)
	at org.scalatest.tools.Framework.org$scalatest$tools$Framework$$runSuite(Framework.scala:466)
	at org.scalatest.tools.Framework$ScalaTestTask.execute(Framework.scala:677)
	at sbt.TestRunner.runTest$1(TestFramework.scala:76)
	at sbt.TestRunner.run(TestFramework.scala:85)
	at sbt.TestFramework$$anon$2$$anonfun$$init$$1$$anonfun$apply$8.apply(TestFramework.scala:202)
	at sbt.TestFramework$$anon$2$$anonfun$$init$$1$$anonfun$apply$8.apply(TestFramework.scala:202)
	at sbt.TestFramework$.sbt$TestFramework$$withContextLoader(TestFramework.scala:185)
	at sbt.TestFramework$$anon$2$$anonfun$$init$$1.apply(TestFramework.scala:202)
	at sbt.TestFramework$$anon$2$$anonfun$$init$$1.apply(TestFramework.scala:202)
	at sbt.TestFunction.apply(TestFramework.scala:207)
	at sbt.Tests$.sbt$Tests$$processRunnable$1(Tests.scala:239)
	at sbt.Tests$$anonfun$makeSerial$1.apply(Tests.scala:245)
	at sbt.Tests$$anonfun$makeSerial$1.apply(Tests.scala:245)
	at sbt.std.Transform$$anon$3$$anonfun$apply$2.apply(System.scala:44)
	at sbt.std.Transform$$anon$3$$anonfun$apply$2.apply(System.scala:44)
	at sbt.std.Transform$$anon$4.work(System.scala:63)
	at sbt.Execute$$anonfun$submit$1$$anonfun$apply$1.apply(Execute.scala:226)
	at sbt.Execute$$anonfun$submit$1$$anonfun$apply$1.apply(Execute.scala:226)
	at sbt.ErrorHandling$.wideConvert(ErrorHandling.scala:17)
	at sbt.Execute.work(Execute.scala:235)
	at sbt.Execute$$anonfun$submit$1.apply(Execute.scala:226)
	at sbt.Execute$$anonfun$submit$1.apply(Execute.scala:226)
	at sbt.ConcurrentRestrictions$$anon$4$$anonfun$1.apply(ConcurrentRestrictions.scala:159)
	at sbt.CompletionService$$anon$2.call(CompletionService.scala:28)
	at java.util.concurrent.FutureTask.run(FutureTask.java:262)
	at java.util.concurrent.Executors$RunnableAdapter.call(Executors.java:471)
	at java.util.concurrent.FutureTask.run(FutureTask.java:262)
	at java.util.concurrent.ThreadPoolExecutor.runWorker(ThreadPoolExecutor.java:1145)
	at java.util.concurrent.ThreadPoolExecutor$Worker.run(ThreadPoolExecutor.java:615)
	at java.lang.Thread.run(Thread.java:745)
</failure>
                                               </testcase>
                     <system-out></system-out>
                     <system-err></system-err>
                   </testsuite>