[0m[[0mdebug[0m] [0mRunning TaskDef(com.twitter.petstore.PetstoreDbSpec, org.scalatest.tools.Framework$$anon$1@2db4d396, false, [SuiteSelector])[0m
[0m[[0mdebug[0m] [0mRunning TaskDef(com.twitter.petstore.PetstoreFeatureTest, org.scalatest.tools.Framework$$anon$1@2db4d396, false, [SuiteSelector])[0m
[0m[[0mdebug[0m] [0mSummary for ScalaCheck not available.[0m
[0m[[0mdebug[0m] [0mSummary for specs2 not available.[0m
[0m[[0minfo[0m] [0mScalaTest[0m
[0m[[0minfo[0m] [0m[36mRun completed in 5 seconds, 955 milliseconds.[0m[0m
[0m[[0minfo[0m] [0m[36mTotal number of tests run: 30[0m[0m
[0m[[0minfo[0m] [0m[36mSuites: completed 2, aborted 0[0m[0m
[0m[[0minfo[0m] [0m[36mTests: succeeded 29, failed 1, canceled 0, ignored 0, pending 0[0m[0m
[0m[[0minfo[0m] [0m[31m*** 1 TEST FAILED ***[0m[0m
[0m[[31merror[0m] [0mFailed: Total 30, Failed 1, Errors 0, Passed 29[0m
[0m[[0mdebug[0m] [0mPassed tests:[0m
[0m[[0mdebug[0m] [0m	com.twitter.petstore.PetstoreDbSpec[0m
[0m[[31merror[0m] [0mFailed tests:[0m
[0m[[31merror[0m] [0m	com.twitter.petstore.PetstoreFeatureTest[0m
[0m[[31merror[0m] [0m(petstore/test:[31mtest[0m) sbt.TestsFailedException: Tests unsuccessful[0m
